<?xml version="1.0" encoding="UTF-8"?>
<!-- Generated by org.testng.reporters.JUnitReportReporter -->
<testsuite hostname="LAPTOP-U35TTNJ0" failures="0" tests="3" name="main.TestCases" time="108.929" errors="0" timestamp="2023-01-04T21:59:58 IST" skipped="0">
  <testcase classname="main.TestCases" name="testPIM3" time="33.422"/>
  <system-out/>
  <testcase classname="main.TestCases" name="testPIM1" time="42.081"/>
  <system-out/>
  <testcase classname="main.TestCases" name="testPIM2" time="33.426"/>
  <system-out/>
</testsuite> <!-- main.TestCases -->
